<?xml version="1.0" encoding="UTF-8"?>
<testng-results ignored="0" total="2" passed="2" failed="0" skipped="0">
  <reporter-output>
  </reporter-output>
  <suite started-at="2025-08-18T16:26:27 IST" name="Default suite" finished-at="2025-08-18T16:26:44 IST" duration-ms="17010">
    <groups>
    </groups>
    <test started-at="2025-08-18T16:26:27 IST" name="Default test" finished-at="2025-08-18T16:26:44 IST" duration-ms="17010">
      <class name="selenium.TC012_TestNG">
        <test-method is-config="true" signature="beforeSuite()[pri:0, instance:selenium.TC012_TestNG@198b6731]" started-at="2025-08-18T16:26:27 IST" name="beforeSuite" finished-at="2025-08-18T16:26:27 IST" duration-ms="9" status="PASS">
          <reporter-output>
          </reporter-output>
        </test-method> <!-- beforeSuite -->
        <test-method is-config="true" signature="beforeTest()[pri:0, instance:selenium.TC012_TestNG@198b6731]" started-at="2025-08-18T16:26:27 IST" name="beforeTest" finished-at="2025-08-18T16:26:27 IST" duration-ms="0" status="PASS">
          <reporter-output>
          </reporter-output>
        </test-method> <!-- beforeTest -->
        <test-method is-config="true" signature="beforeClass()[pri:0, instance:selenium.TC012_TestNG@198b6731]" started-at="2025-08-18T16:26:27 IST" name="beforeClass" finished-at="2025-08-18T16:26:27 IST" duration-ms="0" status="PASS">
          <reporter-output>
          </reporter-output>
        </test-method> <!-- beforeClass -->
        <test-method is-config="true" signature="beforeMethod()[pri:0, instance:selenium.TC012_TestNG@198b6731]" started-at="2025-08-18T16:26:27 IST" name="beforeMethod" finished-at="2025-08-18T16:26:32 IST" duration-ms="4913" status="PASS">
          <reporter-output>
          </reporter-output>
        </test-method> <!-- beforeMethod -->
        <test-method signature="f(java.lang.String,java.lang.String)[pri:0, instance:selenium.TC012_TestNG@198b6731]" started-at="2025-08-18T16:26:32 IST" name="f" data-provider="dp" finished-at="2025-08-18T16:26:36 IST" duration-ms="4411" status="PASS">
          <params>
            <param index="0">
              <value>
                <![CDATA[Admin]]>
              </value>
            </param>
            <param index="1">
              <value>
                <![CDATA[admin123]]>
              </value>
            </param>
          </params>
          <reporter-output>
          </reporter-output>
        </test-method> <!-- f -->
        <test-method is-config="true" signature="afterMethod()[pri:0, instance:selenium.TC012_TestNG@198b6731]" started-at="2025-08-18T16:26:36 IST" name="afterMethod" finished-at="2025-08-18T16:26:36 IST" duration-ms="283" status="PASS">
          <reporter-output>
          </reporter-output>
        </test-method> <!-- afterMethod -->
        <test-method is-config="true" signature="beforeMethod()[pri:0, instance:selenium.TC012_TestNG@198b6731]" started-at="2025-08-18T16:26:36 IST" name="beforeMethod" finished-at="2025-08-18T16:26:40 IST" duration-ms="3906" status="PASS">
          <reporter-output>
          </reporter-output>
        </test-method> <!-- beforeMethod -->
        <test-method signature="f(java.lang.String,java.lang.String)[pri:0, instance:selenium.TC012_TestNG@198b6731]" started-at="2025-08-18T16:26:40 IST" name="f" data-provider="dp" finished-at="2025-08-18T16:26:43 IST" duration-ms="3245" status="PASS">
          <params>
            <param index="0">
              <value>
                <![CDATA[Anu]]>
              </value>
            </param>
            <param index="1">
              <value>
                <![CDATA[anu123]]>
              </value>
            </param>
          </params>
          <reporter-output>
          </reporter-output>
        </test-method> <!-- f -->
        <test-method is-config="true" signature="afterMethod()[pri:0, instance:selenium.TC012_TestNG@198b6731]" started-at="2025-08-18T16:26:43 IST" name="afterMethod" finished-at="2025-08-18T16:26:44 IST" duration-ms="200" status="PASS">
          <reporter-output>
          </reporter-output>
        </test-method> <!-- afterMethod -->
        <test-method is-config="true" signature="afterClass()[pri:0, instance:selenium.TC012_TestNG@198b6731]" started-at="2025-08-18T16:26:44 IST" name="afterClass" finished-at="2025-08-18T16:26:44 IST" duration-ms="0" status="PASS">
          <reporter-output>
          </reporter-output>
        </test-method> <!-- afterClass -->
        <test-method is-config="true" signature="afterTest()[pri:0, instance:selenium.TC012_TestNG@198b6731]" started-at="2025-08-18T16:26:44 IST" name="afterTest" finished-at="2025-08-18T16:26:44 IST" duration-ms="1" status="PASS">
          <reporter-output>
          </reporter-output>
        </test-method> <!-- afterTest -->
        <test-method is-config="true" signature="afterSuite()[pri:0, instance:selenium.TC012_TestNG@198b6731]" started-at="2025-08-18T16:26:44 IST" name="afterSuite" finished-at="2025-08-18T16:26:44 IST" duration-ms="0" status="PASS">
          <reporter-output>
          </reporter-output>
        </test-method> <!-- afterSuite -->
      </class> <!-- selenium.TC012_TestNG -->
    </test> <!-- Default test -->
  </suite> <!-- Default suite -->
</testng-results>
