<?xml version="1.0" encoding="UTF-8"?>
<testng-results ignored="0" total="1" passed="1" failed="0" skipped="0">
  <reporter-output>
  </reporter-output>
  <suite started-at="2025-08-26T22:41:17 IST" name="Suite" finished-at="2025-08-26T22:41:28 IST" duration-ms="10593">
    <groups>
    </groups>
    <test started-at="2025-08-26T22:41:17 IST" name="Test" finished-at="2025-08-26T22:41:28 IST" duration-ms="10593">
      <class name="pack5.Q03">
        <test-method is-config="true" signature="beforeMethod()[pri:0, instance:pack5.Q03@4c178a76]" started-at="2025-08-26T22:41:17 IST" name="beforeMethod" finished-at="2025-08-26T22:41:21 IST" duration-ms="3296" status="PASS">
          <reporter-output>
          </reporter-output>
        </test-method> <!-- beforeMethod -->
        <test-method signature="f(java.lang.String)[pri:0, instance:pack5.Q03@4c178a76]" started-at="2025-08-26T22:41:21 IST" name="f" data-provider="dp" finished-at="2025-08-26T22:41:28 IST" duration-ms="7033" status="PASS">
          <params>
            <param index="0">
              <value>
                <![CDATA[laptop]]>
              </value>
            </param>
          </params>
          <reporter-output>
          </reporter-output>
        </test-method> <!-- f -->
        <test-method is-config="true" signature="afterMethod()[pri:0, instance:pack5.Q03@4c178a76]" started-at="2025-08-26T22:41:28 IST" name="afterMethod" finished-at="2025-08-26T22:41:28 IST" duration-ms="231" status="PASS">
          <reporter-output>
          </reporter-output>
        </test-method> <!-- afterMethod -->
      </class> <!-- pack5.Q03 -->
    </test> <!-- Test -->
  </suite> <!-- Suite -->
</testng-results>
